2022-04-26 06:24:58.271 [main] INFO  org.springframework.test.context.web.WebTestContextBootstrapper - Loaded default TestExecutionListener class names from location [META-INF/spring.factories]: [org.springframework.test.context.web.ServletTestExecutionListener, org.springframework.test.context.support.DirtiesContextBeforeModesTestExecutionListener, org.springframework.test.context.support.DependencyInjectionTestExecutionListener, org.springframework.test.context.support.DirtiesContextTestExecutionListener, org.springframework.test.context.transaction.TransactionalTestExecutionListener, org.springframework.test.context.jdbc.SqlScriptsTestExecutionListener, org.springframework.test.context.event.EventPublishingTestExecutionListener]
2022-04-26 06:24:58.290 [main] INFO  org.springframework.test.context.web.WebTestContextBootstrapper - Using TestExecutionListeners: [org.springframework.test.context.web.ServletTestExecutionListener@338c99c8, org.springframework.test.context.support.DirtiesContextBeforeModesTestExecutionListener@21ba0741, org.springframework.test.context.support.DependencyInjectionTestExecutionListener@58ce9668, org.springframework.test.context.support.DirtiesContextTestExecutionListener@172b013, org.springframework.test.context.transaction.TransactionalTestExecutionListener@56673b2c, org.springframework.test.context.jdbc.SqlScriptsTestExecutionListener@2796aeae, org.springframework.test.context.event.EventPublishingTestExecutionListener@b4711e2]
2022-04-26 06:24:58.909 [main] INFO  org.springframework.context.support.PostProcessorRegistrationDelegate$BeanPostProcessorChecker - Bean 'appConfig' of type [com.game.config.AppConfig$$EnhancerBySpringCGLIB$$b8802e22] is not eligible for getting processed by all BeanPostProcessors (for example: not eligible for auto-proxying)
2022-04-26 06:24:59.034 [main] INFO  org.springframework.jdbc.datasource.embedded.EmbeddedDatabaseFactory - Starting embedded database: url='jdbc:h2:mem:3d80c3d6-bc27-42d1-be05-b442db121652;DB_CLOSE_DELAY=-1;DB_CLOSE_ON_EXIT=false', username='sa'
2022-04-26 06:24:59.307 [main] INFO  org.hibernate.jpa.internal.util.LogHelper - HHH000204: Processing PersistenceUnitInfo [name: default]
2022-04-26 06:24:59.385 [main] INFO  org.hibernate.Version - HHH000412: Hibernate Core {5.4.4.Final}
2022-04-26 06:24:59.528 [main] INFO  org.hibernate.annotations.common.Version - HCANN000001: Hibernate Commons Annotations {5.1.0.Final}
2022-04-26 06:24:59.664 [main] INFO  org.hibernate.dialect.Dialect - HHH000400: Using dialect: org.hibernate.dialect.MySQL5Dialect
2022-04-26 06:25:00.175 [main] INFO  org.hibernate.engine.transaction.jta.platform.internal.JtaPlatformInitiator - HHH000490: Using JtaPlatform implementation: [org.hibernate.engine.transaction.jta.platform.internal.NoJtaPlatform]
2022-04-26 06:25:00.177 [main] INFO  org.springframework.orm.jpa.LocalContainerEntityManagerFactoryBean - Initialized JPA EntityManagerFactory for persistence unit 'default'
2022-04-26 06:25:01.124 [main] INFO  org.springframework.mock.web.MockServletContext - Initializing Spring TestDispatcherServlet ''
2022-04-26 06:25:01.125 [main] INFO  org.springframework.test.web.servlet.TestDispatcherServlet - Initializing Servlet ''
2022-04-26 06:25:01.149 [main] INFO  org.springframework.test.web.servlet.TestDispatcherServlet - Completed initialization in 23 ms
2022-04-26 06:25:01.156 [main] INFO   - Это информационное сообщение2
2022-04-26 06:25:01.316 [SpringContextShutdownHook] INFO  org.springframework.orm.jpa.LocalContainerEntityManagerFactoryBean - Closing JPA EntityManagerFactory for persistence unit 'default'
2022-04-26 06:25:01.319 [SpringContextShutdownHook] INFO  org.springframework.jdbc.datasource.embedded.EmbeddedDatabaseFactory - Shutting down embedded database: url='jdbc:h2:mem:3d80c3d6-bc27-42d1-be05-b442db121652;DB_CLOSE_DELAY=-1;DB_CLOSE_ON_EXIT=false'
2022-04-26 06:27:10.530 [main] INFO  org.springframework.test.context.web.WebTestContextBootstrapper - Loaded default TestExecutionListener class names from location [META-INF/spring.factories]: [org.springframework.test.context.web.ServletTestExecutionListener, org.springframework.test.context.support.DirtiesContextBeforeModesTestExecutionListener, org.springframework.test.context.support.DependencyInjectionTestExecutionListener, org.springframework.test.context.support.DirtiesContextTestExecutionListener, org.springframework.test.context.transaction.TransactionalTestExecutionListener, org.springframework.test.context.jdbc.SqlScriptsTestExecutionListener, org.springframework.test.context.event.EventPublishingTestExecutionListener]
2022-04-26 06:27:10.546 [main] INFO  org.springframework.test.context.web.WebTestContextBootstrapper - Using TestExecutionListeners: [org.springframework.test.context.web.ServletTestExecutionListener@338c99c8, org.springframework.test.context.support.DirtiesContextBeforeModesTestExecutionListener@21ba0741, org.springframework.test.context.support.DependencyInjectionTestExecutionListener@58ce9668, org.springframework.test.context.support.DirtiesContextTestExecutionListener@172b013, org.springframework.test.context.transaction.TransactionalTestExecutionListener@56673b2c, org.springframework.test.context.jdbc.SqlScriptsTestExecutionListener@2796aeae, org.springframework.test.context.event.EventPublishingTestExecutionListener@b4711e2]
2022-04-26 06:27:11.166 [main] INFO  org.springframework.context.support.PostProcessorRegistrationDelegate$BeanPostProcessorChecker - Bean 'appConfig' of type [com.game.config.AppConfig$$EnhancerBySpringCGLIB$$b8802e22] is not eligible for getting processed by all BeanPostProcessors (for example: not eligible for auto-proxying)
2022-04-26 06:27:11.286 [main] INFO  org.springframework.jdbc.datasource.embedded.EmbeddedDatabaseFactory - Starting embedded database: url='jdbc:h2:mem:e6ab2981-5357-4e36-904f-b10b81926120;DB_CLOSE_DELAY=-1;DB_CLOSE_ON_EXIT=false', username='sa'
2022-04-26 06:27:11.554 [main] INFO  org.hibernate.jpa.internal.util.LogHelper - HHH000204: Processing PersistenceUnitInfo [name: default]
2022-04-26 06:27:11.636 [main] INFO  org.hibernate.Version - HHH000412: Hibernate Core {5.4.4.Final}
2022-04-26 06:27:11.791 [main] INFO  org.hibernate.annotations.common.Version - HCANN000001: Hibernate Commons Annotations {5.1.0.Final}
2022-04-26 06:27:11.924 [main] INFO  org.hibernate.dialect.Dialect - HHH000400: Using dialect: org.hibernate.dialect.MySQL5Dialect
2022-04-26 06:27:12.446 [main] INFO  org.hibernate.engine.transaction.jta.platform.internal.JtaPlatformInitiator - HHH000490: Using JtaPlatform implementation: [org.hibernate.engine.transaction.jta.platform.internal.NoJtaPlatform]
2022-04-26 06:27:12.449 [main] INFO  org.springframework.orm.jpa.LocalContainerEntityManagerFactoryBean - Initialized JPA EntityManagerFactory for persistence unit 'default'
2022-04-26 06:27:13.069 [main] INFO  org.springframework.mock.web.MockServletContext - Initializing Spring TestDispatcherServlet ''
2022-04-26 06:27:13.070 [main] INFO  org.springframework.test.web.servlet.TestDispatcherServlet - Initializing Servlet ''
2022-04-26 06:27:13.079 [main] INFO  org.springframework.test.web.servlet.TestDispatcherServlet - Completed initialization in 9 ms
2022-04-26 06:27:13.081 [main] INFO   - info
2022-04-26 06:27:13.081 [main] FATAL  - fatal
2022-04-26 06:27:13.081 [main] ERROR  - error
2022-04-26 06:27:13.159 [SpringContextShutdownHook] INFO  org.springframework.orm.jpa.LocalContainerEntityManagerFactoryBean - Closing JPA EntityManagerFactory for persistence unit 'default'
2022-04-26 06:27:13.160 [SpringContextShutdownHook] INFO  org.springframework.jdbc.datasource.embedded.EmbeddedDatabaseFactory - Shutting down embedded database: url='jdbc:h2:mem:e6ab2981-5357-4e36-904f-b10b81926120;DB_CLOSE_DELAY=-1;DB_CLOSE_ON_EXIT=false'
