2022-05-02 05:54:11.670 [main] INFO  org.springframework.test.context.web.WebTestContextBootstrapper - Loaded default TestExecutionListener class names from location [META-INF/spring.factories]: [org.springframework.test.context.web.ServletTestExecutionListener, org.springframework.test.context.support.DirtiesContextBeforeModesTestExecutionListener, org.springframework.test.context.support.DependencyInjectionTestExecutionListener, org.springframework.test.context.support.DirtiesContextTestExecutionListener, org.springframework.test.context.transaction.TransactionalTestExecutionListener, org.springframework.test.context.jdbc.SqlScriptsTestExecutionListener, org.springframework.test.context.event.EventPublishingTestExecutionListener]
2022-05-02 05:54:11.740 [main] INFO  org.springframework.test.context.web.WebTestContextBootstrapper - Using TestExecutionListeners: [org.springframework.test.context.web.ServletTestExecutionListener@4716be8b, org.springframework.test.context.support.DirtiesContextBeforeModesTestExecutionListener@1fc32e4f, org.springframework.test.context.support.DependencyInjectionTestExecutionListener@2f67b837, org.springframework.test.context.support.DirtiesContextTestExecutionListener@1869fbd2, org.springframework.test.context.transaction.TransactionalTestExecutionListener@6af9fcb2, org.springframework.test.context.jdbc.SqlScriptsTestExecutionListener@6cce16f4, org.springframework.test.context.event.EventPublishingTestExecutionListener@7efaad5a]
2022-05-02 05:54:12.604 [main] INFO  org.springframework.context.support.PostProcessorRegistrationDelegate$BeanPostProcessorChecker - Bean 'appConfig' of type [com.game.config.AppConfig$$EnhancerBySpringCGLIB$$89e19bf1] is not eligible for getting processed by all BeanPostProcessors (for example: not eligible for auto-proxying)
2022-05-02 05:54:12.711 [main] INFO  org.springframework.jdbc.datasource.embedded.EmbeddedDatabaseFactory - Starting embedded database: url='jdbc:h2:mem:789f0cd5-ba47-403d-b925-183bb403485e;DB_CLOSE_DELAY=-1;DB_CLOSE_ON_EXIT=false', username='sa'
2022-05-02 05:54:13.059 [main] INFO  org.hibernate.jpa.internal.util.LogHelper - HHH000204: Processing PersistenceUnitInfo [name: default]
2022-05-02 05:54:13.159 [main] INFO  org.hibernate.Version - HHH000412: Hibernate Core {5.4.4.Final}
2022-05-02 05:54:13.413 [main] INFO  org.hibernate.annotations.common.Version - HCANN000001: Hibernate Commons Annotations {5.1.0.Final}
2022-05-02 05:54:13.660 [main] INFO  org.hibernate.dialect.Dialect - HHH000400: Using dialect: org.hibernate.dialect.MySQL5Dialect
2022-05-02 05:54:14.538 [main] INFO  org.hibernate.engine.transaction.jta.platform.internal.JtaPlatformInitiator - HHH000490: Using JtaPlatform implementation: [org.hibernate.engine.transaction.jta.platform.internal.NoJtaPlatform]
2022-05-02 05:54:14.538 [main] INFO  org.springframework.orm.jpa.LocalContainerEntityManagerFactoryBean - Initialized JPA EntityManagerFactory for persistence unit 'default'
2022-05-02 05:54:15.974 [main] INFO  org.springframework.mock.web.MockServletContext - Initializing Spring TestDispatcherServlet ''
2022-05-02 05:54:15.974 [main] INFO  org.springframework.test.web.servlet.TestDispatcherServlet - Initializing Servlet ''
2022-05-02 05:54:15.984 [main] INFO  org.springframework.test.web.servlet.TestDispatcherServlet - Completed initialization in 10 ms
2022-05-02 05:54:15.984 [main] INFO   - getAllWithoutFiltersReturnAllPlayers Start
2022-05-02 05:54:16.315 [main] INFO   - result helloPate(): [{"id":1,"name":"Ниус","title":"Приходящий Без Шума","race":"HOBBIT"},{"id":2,"name":"Никрашш","title":"НайтВульф","race":"ORC"},{"id":3,"name":"Эззэссэль","title":"шипящая","race":"DWARF"}]
2022-05-02 05:54:16.343 [main] INFO   - перед resultActions.andReturn()
2022-05-02 05:54:16.343 [main] INFO   - перед result.getResponse().getContentAsString()
2022-05-02 05:54:16.343 [main] INFO   - contentAsString: [{"id":1,"name":"Ниус","title":"Приходящий Без Шума","race":"HOBBIT"},{"id":2,"name":"Никрашш","title":"НайтВульф","race":"ORC"},{"id":3,"name":"Эззэссэль","title":"шипящая","race":"DWARF"}]
2022-05-02 05:54:16.375 [main] INFO   - [Ljava.lang.Object;@7a021f49
2022-05-02 05:54:16.383 [main] INFO   - 1
2022-05-02 05:54:16.383 [main] INFO   - 2
2022-05-02 05:54:16.385 [SpringContextShutdownHook] INFO  org.springframework.orm.jpa.LocalContainerEntityManagerFactoryBean - Closing JPA EntityManagerFactory for persistence unit 'default'
2022-05-02 05:54:16.396 [SpringContextShutdownHook] INFO  org.springframework.jdbc.datasource.embedded.EmbeddedDatabaseFactory - Shutting down embedded database: url='jdbc:h2:mem:789f0cd5-ba47-403d-b925-183bb403485e;DB_CLOSE_DELAY=-1;DB_CLOSE_ON_EXIT=false'
2022-05-02 05:56:52.868 [main] INFO  org.springframework.test.context.web.WebTestContextBootstrapper - Loaded default TestExecutionListener class names from location [META-INF/spring.factories]: [org.springframework.test.context.web.ServletTestExecutionListener, org.springframework.test.context.support.DirtiesContextBeforeModesTestExecutionListener, org.springframework.test.context.support.DependencyInjectionTestExecutionListener, org.springframework.test.context.support.DirtiesContextTestExecutionListener, org.springframework.test.context.transaction.TransactionalTestExecutionListener, org.springframework.test.context.jdbc.SqlScriptsTestExecutionListener, org.springframework.test.context.event.EventPublishingTestExecutionListener]
2022-05-02 05:56:52.898 [main] INFO  org.springframework.test.context.web.WebTestContextBootstrapper - Using TestExecutionListeners: [org.springframework.test.context.web.ServletTestExecutionListener@58ce9668, org.springframework.test.context.support.DirtiesContextBeforeModesTestExecutionListener@172b013, org.springframework.test.context.support.DependencyInjectionTestExecutionListener@56673b2c, org.springframework.test.context.support.DirtiesContextTestExecutionListener@2796aeae, org.springframework.test.context.transaction.TransactionalTestExecutionListener@b4711e2, org.springframework.test.context.jdbc.SqlScriptsTestExecutionListener@1fa1cab1, org.springframework.test.context.event.EventPublishingTestExecutionListener@70f02c32]
2022-05-02 05:56:53.940 [main] INFO  org.springframework.context.support.PostProcessorRegistrationDelegate$BeanPostProcessorChecker - Bean 'appConfig' of type [com.game.config.AppConfig$$EnhancerBySpringCGLIB$$f2f70b90] is not eligible for getting processed by all BeanPostProcessors (for example: not eligible for auto-proxying)
2022-05-02 05:56:54.056 [main] INFO  org.springframework.jdbc.datasource.embedded.EmbeddedDatabaseFactory - Starting embedded database: url='jdbc:h2:mem:57f2e714-8200-4a39-ac19-9e12d2ce3ff2;DB_CLOSE_DELAY=-1;DB_CLOSE_ON_EXIT=false', username='sa'
2022-05-02 05:56:54.514 [main] INFO  org.hibernate.jpa.internal.util.LogHelper - HHH000204: Processing PersistenceUnitInfo [name: default]
2022-05-02 05:56:54.624 [main] INFO  org.hibernate.Version - HHH000412: Hibernate Core {5.4.4.Final}
2022-05-02 05:56:54.914 [main] INFO  org.hibernate.annotations.common.Version - HCANN000001: Hibernate Commons Annotations {5.1.0.Final}
2022-05-02 05:56:55.097 [main] INFO  org.hibernate.dialect.Dialect - HHH000400: Using dialect: org.hibernate.dialect.MySQL5Dialect
2022-05-02 05:56:55.910 [main] INFO  org.hibernate.engine.transaction.jta.platform.internal.JtaPlatformInitiator - HHH000490: Using JtaPlatform implementation: [org.hibernate.engine.transaction.jta.platform.internal.NoJtaPlatform]
2022-05-02 05:56:55.910 [main] INFO  org.springframework.orm.jpa.LocalContainerEntityManagerFactoryBean - Initialized JPA EntityManagerFactory for persistence unit 'default'
2022-05-02 05:56:56.631 [main] INFO  org.springframework.mock.web.MockServletContext - Initializing Spring TestDispatcherServlet ''
2022-05-02 05:56:56.631 [main] INFO  org.springframework.test.web.servlet.TestDispatcherServlet - Initializing Servlet ''
2022-05-02 05:56:56.631 [main] INFO  org.springframework.test.web.servlet.TestDispatcherServlet - Completed initialization in 0 ms
2022-05-02 05:56:56.631 [main] INFO   - getAllWithoutFiltersReturnAllPlayers Start
2022-05-02 05:56:56.957 [main] INFO   - result helloPate(): [{"id":1,"name":"Ниус","title":"Приходящий Без Шума","race":"HOBBIT"},{"id":2,"name":"Никрашш","title":"НайтВульф","race":"ORC"},{"id":3,"name":"Эззэссэль","title":"шипящая","race":"DWARF"}]
2022-05-02 05:56:56.988 [main] INFO   - перед resultActions.andReturn()
2022-05-02 05:56:56.988 [main] INFO   - перед result.getResponse().getContentAsString()
2022-05-02 05:56:56.988 [main] INFO   - contentAsString: [{"id":1,"name":"Ниус","title":"Приходящий Без Шума","race":"HOBBIT"},{"id":2,"name":"Никрашш","title":"НайтВульф","race":"ORC"},{"id":3,"name":"Эззэссэль","title":"шипящая","race":"DWARF"}]
2022-05-02 05:56:57.019 [main] INFO   - [Ljava.lang.Object;@24954e82
2022-05-02 05:56:57.019 [SpringContextShutdownHook] INFO  org.springframework.orm.jpa.LocalContainerEntityManagerFactoryBean - Closing JPA EntityManagerFactory for persistence unit 'default'
2022-05-02 05:56:57.035 [SpringContextShutdownHook] INFO  org.springframework.jdbc.datasource.embedded.EmbeddedDatabaseFactory - Shutting down embedded database: url='jdbc:h2:mem:57f2e714-8200-4a39-ac19-9e12d2ce3ff2;DB_CLOSE_DELAY=-1;DB_CLOSE_ON_EXIT=false'
