2022-04-26 06:49:43.629 [main] INFO  org.springframework.test.context.web.WebTestContextBootstrapper - Loaded default TestExecutionListener class names from location [META-INF/spring.factories]: [org.springframework.test.context.web.ServletTestExecutionListener, org.springframework.test.context.support.DirtiesContextBeforeModesTestExecutionListener, org.springframework.test.context.support.DependencyInjectionTestExecutionListener, org.springframework.test.context.support.DirtiesContextTestExecutionListener, org.springframework.test.context.transaction.TransactionalTestExecutionListener, org.springframework.test.context.jdbc.SqlScriptsTestExecutionListener, org.springframework.test.context.event.EventPublishingTestExecutionListener]
2022-04-26 06:49:43.645 [main] INFO  org.springframework.test.context.web.WebTestContextBootstrapper - Using TestExecutionListeners: [org.springframework.test.context.web.ServletTestExecutionListener@338c99c8, org.springframework.test.context.support.DirtiesContextBeforeModesTestExecutionListener@21ba0741, org.springframework.test.context.support.DependencyInjectionTestExecutionListener@58ce9668, org.springframework.test.context.support.DirtiesContextTestExecutionListener@172b013, org.springframework.test.context.transaction.TransactionalTestExecutionListener@56673b2c, org.springframework.test.context.jdbc.SqlScriptsTestExecutionListener@2796aeae, org.springframework.test.context.event.EventPublishingTestExecutionListener@b4711e2]
2022-04-26 06:49:44.268 [main] INFO  org.springframework.context.support.PostProcessorRegistrationDelegate$BeanPostProcessorChecker - Bean 'appConfig' of type [com.game.config.AppConfig$$EnhancerBySpringCGLIB$$b8802e22] is not eligible for getting processed by all BeanPostProcessors (for example: not eligible for auto-proxying)
2022-04-26 06:49:44.392 [main] INFO  org.springframework.jdbc.datasource.embedded.EmbeddedDatabaseFactory - Starting embedded database: url='jdbc:h2:mem:32c81021-f95c-44d1-a3ee-b9687b7ca758;DB_CLOSE_DELAY=-1;DB_CLOSE_ON_EXIT=false', username='sa'
2022-04-26 06:49:44.697 [main] INFO  org.hibernate.jpa.internal.util.LogHelper - HHH000204: Processing PersistenceUnitInfo [name: default]
2022-04-26 06:49:44.812 [main] INFO  org.hibernate.Version - HHH000412: Hibernate Core {5.4.4.Final}
2022-04-26 06:49:44.973 [main] INFO  org.hibernate.annotations.common.Version - HCANN000001: Hibernate Commons Annotations {5.1.0.Final}
2022-04-26 06:49:45.115 [main] INFO  org.hibernate.dialect.Dialect - HHH000400: Using dialect: org.hibernate.dialect.MySQL5Dialect
2022-04-26 06:49:45.708 [main] INFO  org.hibernate.engine.transaction.jta.platform.internal.JtaPlatformInitiator - HHH000490: Using JtaPlatform implementation: [org.hibernate.engine.transaction.jta.platform.internal.NoJtaPlatform]
2022-04-26 06:49:45.712 [main] INFO  org.springframework.orm.jpa.LocalContainerEntityManagerFactoryBean - Initialized JPA EntityManagerFactory for persistence unit 'default'
2022-04-26 06:49:46.409 [main] INFO  org.springframework.mock.web.MockServletContext - Initializing Spring TestDispatcherServlet ''
2022-04-26 06:49:46.409 [main] INFO  org.springframework.test.web.servlet.TestDispatcherServlet - Initializing Servlet ''
2022-04-26 06:49:46.419 [main] INFO  org.springframework.test.web.servlet.TestDispatcherServlet - Completed initialization in 10 ms
2022-04-26 06:49:46.484 [main] INFO   - info
2022-04-26 06:49:46.556 [main] ERROR  - Cannot deserialize instance of `java.util.ArrayList<com.game.controller.utils.PlayerInfoTest>` out of VALUE_STRING token
 at [Source: (String)""Тестовая строчечка""; line: 1, column: 1]
2022-04-26 06:49:46.575 [SpringContextShutdownHook] INFO  org.springframework.orm.jpa.LocalContainerEntityManagerFactoryBean - Closing JPA EntityManagerFactory for persistence unit 'default'
2022-04-26 06:49:46.577 [SpringContextShutdownHook] INFO  org.springframework.jdbc.datasource.embedded.EmbeddedDatabaseFactory - Shutting down embedded database: url='jdbc:h2:mem:32c81021-f95c-44d1-a3ee-b9687b7ca758;DB_CLOSE_DELAY=-1;DB_CLOSE_ON_EXIT=false'
2022-04-26 06:50:34.631 [main] INFO  org.springframework.test.context.web.WebTestContextBootstrapper - Loaded default TestExecutionListener class names from location [META-INF/spring.factories]: [org.springframework.test.context.web.ServletTestExecutionListener, org.springframework.test.context.support.DirtiesContextBeforeModesTestExecutionListener, org.springframework.test.context.support.DependencyInjectionTestExecutionListener, org.springframework.test.context.support.DirtiesContextTestExecutionListener, org.springframework.test.context.transaction.TransactionalTestExecutionListener, org.springframework.test.context.jdbc.SqlScriptsTestExecutionListener, org.springframework.test.context.event.EventPublishingTestExecutionListener]
2022-04-26 06:50:34.659 [main] INFO  org.springframework.test.context.web.WebTestContextBootstrapper - Using TestExecutionListeners: [org.springframework.test.context.web.ServletTestExecutionListener@60129b9a, org.springframework.test.context.support.DirtiesContextBeforeModesTestExecutionListener@78d6692f, org.springframework.test.context.support.DependencyInjectionTestExecutionListener@7a55af6b, org.springframework.test.context.support.DirtiesContextTestExecutionListener@3d9c13b5, org.springframework.test.context.transaction.TransactionalTestExecutionListener@492691d7, org.springframework.test.context.jdbc.SqlScriptsTestExecutionListener@27216cd, org.springframework.test.context.event.EventPublishingTestExecutionListener@558bdf1f]
2022-04-26 06:50:35.360 [main] INFO  org.springframework.context.support.PostProcessorRegistrationDelegate$BeanPostProcessorChecker - Bean 'appConfig' of type [com.game.config.AppConfig$$EnhancerBySpringCGLIB$$89e19bf1] is not eligible for getting processed by all BeanPostProcessors (for example: not eligible for auto-proxying)
2022-04-26 06:50:35.519 [main] INFO  org.springframework.jdbc.datasource.embedded.EmbeddedDatabaseFactory - Starting embedded database: url='jdbc:h2:mem:0cb7e346-56c8-46db-9296-2499487d6eb0;DB_CLOSE_DELAY=-1;DB_CLOSE_ON_EXIT=false', username='sa'
2022-04-26 06:50:35.848 [main] INFO  org.hibernate.jpa.internal.util.LogHelper - HHH000204: Processing PersistenceUnitInfo [name: default]
2022-04-26 06:50:35.952 [main] INFO  org.hibernate.Version - HHH000412: Hibernate Core {5.4.4.Final}
2022-04-26 06:50:36.172 [main] INFO  org.hibernate.annotations.common.Version - HCANN000001: Hibernate Commons Annotations {5.1.0.Final}
2022-04-26 06:50:36.342 [main] INFO  org.hibernate.dialect.Dialect - HHH000400: Using dialect: org.hibernate.dialect.MySQL5Dialect
2022-04-26 06:50:37.100 [main] INFO  org.hibernate.engine.transaction.jta.platform.internal.JtaPlatformInitiator - HHH000490: Using JtaPlatform implementation: [org.hibernate.engine.transaction.jta.platform.internal.NoJtaPlatform]
2022-04-26 06:50:37.104 [main] INFO  org.springframework.orm.jpa.LocalContainerEntityManagerFactoryBean - Initialized JPA EntityManagerFactory for persistence unit 'default'
2022-04-26 06:50:38.063 [main] INFO  org.springframework.mock.web.MockServletContext - Initializing Spring TestDispatcherServlet ''
2022-04-26 06:50:38.063 [main] INFO  org.springframework.test.web.servlet.TestDispatcherServlet - Initializing Servlet ''
2022-04-26 06:50:38.077 [main] INFO  org.springframework.test.web.servlet.TestDispatcherServlet - Completed initialization in 14 ms
2022-04-26 06:50:38.163 [main] INFO   - info
2022-04-26 06:50:38.237 [main] ERROR  - Cannot deserialize instance of `java.util.ArrayList<com.game.controller.utils.PlayerInfoTest>` out of VALUE_STRING token
 at [Source: (String)""Тестовая строчечка""; line: 1, column: 1]
2022-04-26 06:50:38.244 [SpringContextShutdownHook] INFO  org.springframework.orm.jpa.LocalContainerEntityManagerFactoryBean - Closing JPA EntityManagerFactory for persistence unit 'default'
2022-04-26 06:50:38.245 [SpringContextShutdownHook] INFO  org.springframework.jdbc.datasource.embedded.EmbeddedDatabaseFactory - Shutting down embedded database: url='jdbc:h2:mem:0cb7e346-56c8-46db-9296-2499487d6eb0;DB_CLOSE_DELAY=-1;DB_CLOSE_ON_EXIT=false'
