2022-01-23 07:05:48 INFO  ProjectStartupHandler.runActivity(74) - ---------- Project opened ----------
2022-01-23 07:05:48 INFO  ProjectStartupHandler.runActivity(75) - ---------- Version 3.55 ----------

2022-01-23 07:05:48 INFO  ProjectStartupHandler.setAutoscrolls(346) - Autoscrolls successfully set
2022-01-23 07:05:48 INFO  ApacheHttpClient.isSessionAppropriateWithSecretKey(589) - The session is not set in the property file.
2022-01-23 07:05:48 INFO  ApacheHttpClient.login(250) - Waiting for server response.
2022-01-23 07:05:48 INFO  ApacheHttpClient.login(254) - responseCode = 200
2022-01-23 07:05:48 INFO  ApacheHttpClient.login(277) - JSESSIONID OK
2022-01-23 07:05:48 INFO  ApacheHttpClient.refreshUserInfo(305) - responseCode = 200
2022-01-23 07:05:48 INFO  ApacheHttpClient.refreshUserInfo(311) - User information received.
2022-01-23 07:05:48 INFO  ApacheHttpClient.startGA(36) - GAService started.
2022-01-23 07:05:58 INFO  ApacheHttpClient.getWebResourceAsStream(502) - responseCode = 200
2022-01-23 07:05:58 INFO  ApacheHttpClient.logout(633) - Waiting for server response.
2022-01-23 07:05:58 INFO  ApacheHttpClient.login(250) - Waiting for server response.
2022-01-23 07:05:58 INFO  ApacheHttpClient.login(254) - responseCode = 200
2022-01-23 07:05:58 INFO  ApacheHttpClient.login(277) - JSESSIONID OK
2022-01-23 07:06:00 INFO  ApacheHttpClient.getFilteredTasks(336) - responseCode = 200
2022-01-23 07:06:07 INFO  ApacheHttpClient.getTaskTemplateInfo(353) - responseCode = 200
2022-01-23 07:06:07 INFO  TaskInfoSelectorMouseListener.createDirectoryRecursive(77) - File created :K:/Kes/JRHome/JavaRushTasks/1.JavaSyntax/src/com
2022-01-23 07:06:07 INFO  TaskInfoSelectorMouseListener.createDirectoryRecursive(77) - File created :K:/Kes/JRHome/JavaRushTasks/1.JavaSyntax/src/com/javarush
2022-01-23 07:06:07 INFO  TaskInfoSelectorMouseListener.createDirectoryRecursive(77) - File created :K:/Kes/JRHome/JavaRushTasks/1.JavaSyntax/src/com/javarush/task
2022-01-23 07:06:07 INFO  TaskInfoSelectorMouseListener.createDirectoryRecursive(77) - File created :K:/Kes/JRHome/JavaRushTasks/1.JavaSyntax/src/com/javarush/task/task01
2022-01-23 07:06:07 INFO  TaskInfoSelectorMouseListener.createDirectoryRecursive(77) - File created :K:/Kes/JRHome/JavaRushTasks/1.JavaSyntax/src/com/javarush/task/task01/task0142
